<?xml version="1.0" encoding="UTF-8"?>
<!-- Generated by org.testng.reporters.JUnitXMLReporter -->
<testsuite ignored="0" hostname="LAPTOP-SA5R6J34" failures="0" tests="5" name="Default test" time="0.098" errors="0" timestamp="2025-05-01T16:07:33 IST">
  <testcase classname="com.orangehrm.testscript.CustomerModule" name="CreateCustomer" time="0.012"/>
  <testcase classname="com.orangehrm.testscript.CustomerModule" name="CreateCustomer" time="0.002"/>
  <testcase classname="com.orangehrm.testscript.CustomerModule" name="CreateCustomer" time="0.002"/>
  <testcase classname="com.orangehrm.testscript.CustomerModule" name="ModifyCustomer" time="0.001"/>
  <testcase classname="com.orangehrm.testscript.CustomerModule" name="DeleteCustomer" time="0.001"/>
</testsuite> <!-- Default test -->
