<?xml version="1.0" encoding="UTF-8"?>
<testng-results ignored="0" total="1" passed="1" failed="0" skipped="0">
  <reporter-output>
    <line>
      <![CDATA[welcome to testing]]>
    </line>
  </reporter-output>
  <suite started-at="2025-05-01T19:37:46 ICT" name="Suite" finished-at="2025-05-01T19:37:46 ICT" duration-ms="82">
    <groups>
    </groups>
    <test started-at="2025-05-01T19:37:46 ICT" name="Test" finished-at="2025-05-01T19:37:46 ICT" duration-ms="82">
      <class name="com.orangehrm.testscript.Demo">
        <test-method signature="testDemo()[pri:0, instance:com.orangehrm.testscript.Demo@4b013c76]" started-at="2025-05-01T19:37:46 ICT" name="testDemo" finished-at="2025-05-01T19:37:46 ICT" duration-ms="12" status="PASS">
          <reporter-output>
            <line>
              <![CDATA[welcome to testing]]>
            </line>
          </reporter-output>
        </test-method> <!-- testDemo -->
      </class> <!-- com.orangehrm.testscript.Demo -->
    </test> <!-- Test -->
  </suite> <!-- Suite -->
</testng-results>
